[INFO  - 2016-11-01T09:22:41.191Z] GhostDriver - Main - running on port 55232
[INFO  - 2016-11-01T09:22:42.333Z] Session [bdaadb60-a014-11e6-bc34-3d3b31de245c] - page.settings - {"XSSAuditingEnabled":false,"javascriptCanCloseWindows":true,"javascriptCanOpenWindows":true,"javascriptEnabled":true,"loadImages":true,"localToRemoteUrlAccessEnabled":false,"userAgent":"Mozilla/5.0 (Windows NT 6.2; WOW64) AppleWebKit/538.1 (KHTML, like Gecko) PhantomJS/2.1.1 Safari/538.1","webSecurityEnabled":true}
[INFO  - 2016-11-01T09:22:42.333Z] Session [bdaadb60-a014-11e6-bc34-3d3b31de245c] - page.customHeaders:  - {}
[INFO  - 2016-11-01T09:22:42.333Z] Session [bdaadb60-a014-11e6-bc34-3d3b31de245c] - Session.negotiatedCapabilities - {"browserName":"phantomjs","version":"2.1.1","driverName":"ghostdriver","driverVersion":"1.2.0","platform":"windows-10-32bit","javascriptEnabled":true,"takesScreenshot":true,"handlesAlerts":false,"databaseEnabled":false,"locationContextEnabled":false,"applicationCacheEnabled":false,"browserConnectionEnabled":false,"cssSelectorsEnabled":true,"webStorageEnabled":false,"rotatable":false,"acceptSslCerts":false,"nativeEvents":true,"proxy":{"proxyType":"direct"}}
[INFO  - 2016-11-01T09:22:42.334Z] SessionManagerReqHand - _postNewSessionCommand - New Session Created: bdaadb60-a014-11e6-bc34-3d3b31de245c
[ERROR - 2016-11-01T09:22:45.349Z] Session [bdaadb60-a014-11e6-bc34-3d3b31de245c] - page.onError - msg: TypeError: null is not an object (evaluating 'message.innerHTML = ''')

  phantomjs://platform/console++.js:263 in error
[ERROR - 2016-11-01T09:22:45.350Z] Session [bdaadb60-a014-11e6-bc34-3d3b31de245c] - page.onError - stack:
  inputHandler (https://accounts.google.com/SignUp?:5843)
  focus (:0)
  lg (:122)
  mg (:123)
  (anonymous function) (:125)
  t (:7)
  $ (:125)
  yg (:132)
  (anonymous function) (:132)
  (anonymous function) (:132)
  (anonymous function) (:133)

  phantomjs://platform/console++.js:263 in error
